e:\code\csmath\csmath\finial project\particlessimulation\unified particle physics cuda\particles\x64\release\vc120.pdb
e:\code\csmath\csmath\finial project\particlessimulation\unified particle physics cuda\particles\x64\release\shaders.obj
e:\code\csmath\csmath\finial project\particlessimulation\unified particle physics cuda\particles\x64\release\render_particles.obj
e:\code\csmath\csmath\finial project\particlessimulation\unified particle physics cuda\particles\x64\release\plyloader.obj
e:\code\csmath\csmath\finial project\particlessimulation\unified particle physics cuda\particles\x64\release\particles.obj
e:\code\csmath\csmath\finial project\particlessimulation\unified particle physics cuda\particles\x64\release\particlesystem.obj
e:\code\csmath\csmath\finial project\particlessimulation\unified particle physics cuda\particles\x64\release\particlemesh.obj
e:\code\csmath\csmath\finial project\particlessimulation\unified particle physics cuda\particles\x64\release\object.obj
e:\code\csmath\csmath\finial project\particlessimulation\unified particle physics cuda\particles\x64\release\load_test.obj
e:\code\csmath\csmath\finial project\particlessimulation\unified particle physics cuda\particles\x64\release\levelsetcollider.obj
e:\code\csmath\csmath\finial project\particlessimulation\bin\win64\release\particles.exe
e:\code\csmath\csmath\finial project\particlessimulation\bin\win64\release\particles.lib
e:\code\csmath\csmath\finial project\particlessimulation\bin\win64\release\particles.exp
e:\code\csmath\csmath\finial project\particlessimulation\unified particle physics cuda\particles\x64\release\particlesystem_cuda.cu.cache
e:\code\csmath\csmath\finial project\particlessimulation\unified particle physics cuda\particles\x64\release\particlesystem_cuda.cu.obj
e:\code\csmath\csmath\finial project\particlessimulation\unified particle physics cuda\particles\../../bin/win64/release/particles.exe
e:\code\csmath\csmath\finial project\particlessimulation\unified particle physics cuda\particles\x64\release\particles.tlog\cl.command.1.tlog
e:\code\csmath\csmath\finial project\particlessimulation\unified particle physics cuda\particles\x64\release\particles.tlog\cl.read.1.tlog
e:\code\csmath\csmath\finial project\particlessimulation\unified particle physics cuda\particles\x64\release\particles.tlog\cl.write.1.tlog
e:\code\csmath\csmath\finial project\particlessimulation\unified particle physics cuda\particles\x64\release\particles.tlog\link.command.1.tlog
e:\code\csmath\csmath\finial project\particlessimulation\unified particle physics cuda\particles\x64\release\particles.tlog\link.read.1.tlog
e:\code\csmath\csmath\finial project\particlessimulation\unified particle physics cuda\particles\x64\release\particles.tlog\link.write.1.tlog
e:\code\csmath\csmath\finial project\particlessimulation\unified particle physics cuda\particles\x64\release\particles.tlog\particles.write.1u.tlog
